1594146351826	mozrunner::runner	INFO	Running command: "/usr/bin/firefox" "-marionette" "-headless" "-foreground" "-no-remote" "-profile" "/tmp/rust_mozprofileaaHibK"
1594146351826	geckodriver::marionette	DEBUG	Waiting 60s to connect to browser on 127.0.0.1:32921
*** You are running in headless mode.
1594146352009	mozrunner::runner	INFO	Running command: "/usr/bin/firefox" "-marionette" "-headless" "-foreground" "-no-remote" "-profile" "/tmp/rust_mozprofileezw9GD"
1594146352009	geckodriver::marionette	DEBUG	Waiting 60s to connect to browser on 127.0.0.1:34531
1594146352025	mozrunner::runner	INFO	Running command: "/usr/bin/firefox" "-marionette" "-headless" "-foreground" "-no-remote" "-profile" "/tmp/rust_mozprofileLFoJva"
1594146352025	geckodriver::marionette	DEBUG	Waiting 60s to connect to browser on 127.0.0.1:37473
*** You are running in headless mode.
*** You are running in headless mode.
1594146352450	mozrunner::runner	INFO	Running command: "/usr/bin/firefox" "-marionette" "-headless" "-foreground" "-no-remote" "-profile" "/tmp/rust_mozprofile3IXDPZ"
1594146352451	geckodriver::marionette	DEBUG	Waiting 60s to connect to browser on 127.0.0.1:34701
*** You are running in headless mode.
1594146352694	Marionette	TRACE	Marionette enabled
1594146352760	Marionette	TRACE	Received observer notification toplevel-window-ready
1594146352768	mozrunner::runner	INFO	Running command: "/usr/bin/firefox" "-marionette" "-headless" "-foreground" "-no-remote" "-profile" "/tmp/rust_mozprofileKxcUKS"
1594146352768	geckodriver::marionette	DEBUG	Waiting 60s to connect to browser on 127.0.0.1:33629
*** You are running in headless mode.
1594146352951	Marionette	TRACE	Marionette enabled
1594146352964	Marionette	TRACE	Marionette enabled
1594146353045	Marionette	TRACE	Received observer notification toplevel-window-ready
1594146353046	Marionette	TRACE	Received observer notification toplevel-window-ready
1594146354006	Marionette	TRACE	Marionette enabled
1594146354060	Marionette	TRACE	Received observer notification toplevel-window-ready
1594146354627	Marionette	TRACE	Marionette enabled
1594146354685	Marionette	TRACE	Received observer notification toplevel-window-ready
1594146356305	Marionette	TRACE	Received observer notification marionette-startup-requested
1594146356305	Marionette	TRACE	Waiting until startup recorder finished recording startup scripts...
1594146356319	Marionette	TRACE	All scripts recorded.
1594146356319	Marionette	DEBUG	Setting recommended pref apz.content_response_timeout to 60000
1594146356320	Marionette	DEBUG	Setting recommended pref browser.contentblocking.introCount to 99
1594146356321	Marionette	DEBUG	Setting recommended pref browser.download.panel.shown to true
1594146356322	Marionette	DEBUG	Setting recommended pref browser.pagethumbnails.capturing_disabled to true
1594146356322	Marionette	DEBUG	Setting recommended pref browser.tabs.disableBackgroundZombification to false
1594146356323	Marionette	DEBUG	Setting recommended pref browser.tabs.remote.separatePrivilegedContentProcess to false
1594146356323	Marionette	DEBUG	Setting recommended pref browser.tabs.unloadOnLowMemory to false
1594146356324	Marionette	DEBUG	Setting recommended pref browser.tabs.warnOnCloseOtherTabs to false
1594146356324	Marionette	DEBUG	Setting recommended pref browser.urlbar.suggest.searches to false
1594146356325	Marionette	DEBUG	Setting recommended pref datareporting.policy.dataSubmissionPolicyAccepted to false
1594146356325	Marionette	DEBUG	Setting recommended pref dom.disable_beforeunload to true
1594146356325	Marionette	DEBUG	Setting recommended pref dom.file.createInChild to true
1594146356325	Marionette	DEBUG	Setting recommended pref dom.push.connection.enabled to false
1594146356325	Marionette	DEBUG	Setting recommended pref extensions.getAddons.cache.enabled to false
1594146356325	Marionette	DEBUG	Setting recommended pref extensions.getAddons.discovery.api_url to data:, 
1594146356325	Marionette	DEBUG	Setting recommended pref network.http.prompt-temp-redirect to false
1594146356325	Marionette	DEBUG	Setting recommended pref privacy.trackingprotection.enabled to false
1594146356325	Marionette	DEBUG	Setting recommended pref security.notification_enable_delay to 0
1594146356326	Marionette	DEBUG	Setting recommended pref signon.autofillForms to false
1594146356326	Marionette	DEBUG	Setting recommended pref toolkit.cosmeticAnimations.enabled to false
1594146356391	Marionette	INFO	Listening on port 32921
1594146356391	Marionette	DEBUG	Marionette is listening
1594146356439	Marionette	DEBUG	Accepted connection 0 from 127.0.0.1:56638
1594146356439	geckodriver::marionette	DEBUG	Connection to Marionette established on 127.0.0.1:32921.
1594146356440	Marionette	DEBUG	0 -> [0,1,"WebDriver:NewSession",{"acceptInsecureCerts":true,"browserName":"firefox"}]
1594146356440	Marionette	WARN	TLS certificate errors will be ignored for this session
1594146356464	Marionette	TRACE	[7] Frame script loaded
1594146356464	Marionette	TRACE	[7] Frame script registered
1594146356470	Marionette	DEBUG	0 <- [1,1,null,{"sessionId":"d64ff6e8-1a93-4b6b-9cff-05e0262116d4","capabilities":{"browserName":"firefox","browserVersion":"78.0. ... /rust_mozprofileaaHibK","moz:shutdownTimeout":60000,"moz:useNonSpecCompliantPointerOrigin":false,"moz:webdriverClick":true}}]
1594146356472	webdriver::server	DEBUG	<- 200 OK {"value":{"sessionId":"d64ff6e8-1a93-4b6b-9cff-05e0262116d4","capabilities":{"acceptInsecureCerts":true,"browserName":"firefox","browserVersion":"78.0.1","moz:accessibilityChecks":false,"moz:buildID":"20200630195452","moz:geckodriverVersion":"0.26.0","moz:headless":true,"moz:processID":9050,"moz:profile":"/tmp/rust_mozprofileaaHibK","moz:shutdownTimeout":60000,"moz:useNonSpecCompliantPointerOrigin":false,"moz:webdriverClick":true,"pageLoadStrategy":"normal","platformName":"linux","platformVersion":"4.15.0-109-generic","rotatable":false,"setWindowRect":true,"strictFileInteractability":false,"timeouts":{"implicit":0,"pageLoad":300000,"script":30000},"unhandledPromptBehavior":"dismiss and notify"}}}
1594146356473	webdriver::server	DEBUG	-> POST /session/d64ff6e8-1a93-4b6b-9cff-05e0262116d4/url {"url": "https://steamcommunity.com/broadcast/watch/76561199041614050"}
1594146356474	Marionette	DEBUG	0 -> [0,2,"WebDriver:Navigate",{"url":"https://steamcommunity.com/broadcast/watch/76561199041614050"}]
1594146356487	Marionette	TRACE	[7] Received DOM event beforeunload for about:blank
1594146356540	Marionette	TRACE	Received observer notification marionette-startup-requested
1594146356540	Marionette	TRACE	Waiting until startup recorder finished recording startup scripts...
1594146356561	Marionette	TRACE	All scripts recorded.
1594146356561	Marionette	DEBUG	Setting recommended pref apz.content_response_timeout to 60000
1594146356562	Marionette	DEBUG	Setting recommended pref browser.contentblocking.introCount to 99
1594146356562	Marionette	DEBUG	Setting recommended pref browser.download.panel.shown to true
1594146356562	Marionette	DEBUG	Setting recommended pref browser.pagethumbnails.capturing_disabled to true
1594146356563	Marionette	DEBUG	Setting recommended pref browser.tabs.disableBackgroundZombification to false
1594146356563	Marionette	DEBUG	Setting recommended pref browser.tabs.remote.separatePrivilegedContentProcess to false
1594146356563	Marionette	DEBUG	Setting recommended pref browser.tabs.unloadOnLowMemory to false
1594146356563	Marionette	DEBUG	Setting recommended pref browser.tabs.warnOnCloseOtherTabs to false
1594146356563	Marionette	DEBUG	Setting recommended pref browser.urlbar.suggest.searches to false
1594146356564	Marionette	DEBUG	Setting recommended pref datareporting.policy.dataSubmissionPolicyAccepted to false
1594146356564	Marionette	DEBUG	Setting recommended pref dom.disable_beforeunload to true
1594146356564	Marionette	DEBUG	Setting recommended pref dom.file.createInChild to true
1594146356564	Marionette	DEBUG	Setting recommended pref dom.push.connection.enabled to false
1594146356565	Marionette	DEBUG	Setting recommended pref extensions.getAddons.cache.enabled to false
1594146356565	Marionette	DEBUG	Setting recommended pref extensions.getAddons.discovery.api_url to data:, 
1594146356565	Marionette	DEBUG	Setting recommended pref network.http.prompt-temp-redirect to false
1594146356565	Marionette	DEBUG	Setting recommended pref privacy.trackingprotection.enabled to false
1594146356565	Marionette	DEBUG	Setting recommended pref security.notification_enable_delay to 0
1594146356566	Marionette	DEBUG	Setting recommended pref signon.autofillForms to false
1594146356566	Marionette	DEBUG	Setting recommended pref toolkit.cosmeticAnimations.enabled to false
1594146356620	Marionette	INFO	Listening on port 34531
1594146356621	Marionette	DEBUG	Marionette is listening
1594146356722	Marionette	DEBUG	Accepted connection 0 from 127.0.0.1:37598
1594146356723	geckodriver::marionette	DEBUG	Connection to Marionette established on 127.0.0.1:34531.
1594146356724	Marionette	DEBUG	0 -> [0,1,"WebDriver:NewSession",{"acceptInsecureCerts":true,"browserName":"firefox"}]
1594146356725	Marionette	WARN	TLS certificate errors will be ignored for this session
1594146356744	Marionette	TRACE	[7] Frame script loaded
1594146356744	Marionette	TRACE	[7] Frame script registered
1594146356754	Marionette	DEBUG	0 <- [1,1,null,{"sessionId":"20907222-28a6-411c-b695-51050eb981e4","capabilities":{"browserName":"firefox","browserVersion":"78.0. ... /rust_mozprofileezw9GD","moz:shutdownTimeout":60000,"moz:useNonSpecCompliantPointerOrigin":false,"moz:webdriverClick":true}}]
1594146356759	webdriver::server	DEBUG	<- 200 OK {"value":{"sessionId":"20907222-28a6-411c-b695-51050eb981e4","capabilities":{"acceptInsecureCerts":true,"browserName":"firefox","browserVersion":"78.0.1","moz:accessibilityChecks":false,"moz:buildID":"20200630195452","moz:geckodriverVersion":"0.26.0","moz:headless":true,"moz:processID":9078,"moz:profile":"/tmp/rust_mozprofileezw9GD","moz:shutdownTimeout":60000,"moz:useNonSpecCompliantPointerOrigin":false,"moz:webdriverClick":true,"pageLoadStrategy":"normal","platformName":"linux","platformVersion":"4.15.0-109-generic","rotatable":false,"setWindowRect":true,"strictFileInteractability":false,"timeouts":{"implicit":0,"pageLoad":300000,"script":30000},"unhandledPromptBehavior":"dismiss and notify"}}}
1594146356761	webdriver::server	DEBUG	-> POST /session/20907222-28a6-411c-b695-51050eb981e4/url {"url": "https://steamcommunity.com/broadcast/watch/76561199041614050"}
1594146356761	Marionette	DEBUG	0 -> [0,2,"WebDriver:Navigate",{"url":"https://steamcommunity.com/broadcast/watch/76561199041614050"}]
1594146356771	Marionette	TRACE	[7] Received DOM event beforeunload for about:blank
1594146357165	Marionette	TRACE	Received observer notification marionette-startup-requested
1594146357165	Marionette	TRACE	Waiting until startup recorder finished recording startup scripts...
1594146357212	Marionette	TRACE	All scripts recorded.
1594146357212	Marionette	DEBUG	Setting recommended pref apz.content_response_timeout to 60000
1594146357213	Marionette	DEBUG	Setting recommended pref browser.contentblocking.introCount to 99
1594146357213	Marionette	DEBUG	Setting recommended pref browser.download.panel.shown to true
1594146357213	Marionette	DEBUG	Setting recommended pref browser.pagethumbnails.capturing_disabled to true
1594146357213	Marionette	DEBUG	Setting recommended pref browser.tabs.disableBackgroundZombification to false
1594146357213	Marionette	DEBUG	Setting recommended pref browser.tabs.remote.separatePrivilegedContentProcess to false
1594146357214	Marionette	DEBUG	Setting recommended pref browser.tabs.unloadOnLowMemory to false
1594146357214	Marionette	DEBUG	Setting recommended pref browser.tabs.warnOnCloseOtherTabs to false
1594146357214	Marionette	DEBUG	Setting recommended pref browser.urlbar.suggest.searches to false
1594146357215	Marionette	DEBUG	Setting recommended pref datareporting.policy.dataSubmissionPolicyAccepted to false
1594146357215	Marionette	DEBUG	Setting recommended pref dom.disable_beforeunload to true
1594146357215	Marionette	DEBUG	Setting recommended pref dom.file.createInChild to true
1594146357215	Marionette	DEBUG	Setting recommended pref dom.push.connection.enabled to false
1594146357215	Marionette	DEBUG	Setting recommended pref extensions.getAddons.cache.enabled to false
1594146357215	Marionette	DEBUG	Setting recommended pref extensions.getAddons.discovery.api_url to data:, 
1594146357216	Marionette	DEBUG	Setting recommended pref network.http.prompt-temp-redirect to false
1594146357216	Marionette	DEBUG	Setting recommended pref privacy.trackingprotection.enabled to false
1594146357216	Marionette	DEBUG	Setting recommended pref security.notification_enable_delay to 0
1594146357216	Marionette	DEBUG	Setting recommended pref signon.autofillForms to false
1594146357217	Marionette	DEBUG	Setting recommended pref toolkit.cosmeticAnimations.enabled to false
1594146357275	Marionette	INFO	Listening on port 37473
1594146357275	Marionette	DEBUG	Marionette is listening
1594146357342	Marionette	DEBUG	Accepted connection 0 from 127.0.0.1:44738
1594146357342	geckodriver::marionette	DEBUG	Connection to Marionette established on 127.0.0.1:37473.
1594146357343	Marionette	DEBUG	0 -> [0,1,"WebDriver:NewSession",{"acceptInsecureCerts":true,"browserName":"firefox"}]
1594146357343	Marionette	WARN	TLS certificate errors will be ignored for this session
1594146357368	Marionette	TRACE	[7] Frame script loaded
1594146357369	Marionette	TRACE	[7] Frame script registered
1594146357377	Marionette	DEBUG	0 <- [1,1,null,{"sessionId":"80c53b99-6652-4fde-ae07-b5ee4943237a","capabilities":{"browserName":"firefox","browserVersion":"78.0. ... /rust_mozprofileLFoJva","moz:shutdownTimeout":60000,"moz:useNonSpecCompliantPointerOrigin":false,"moz:webdriverClick":true}}]
1594146357379	webdriver::server	DEBUG	<- 200 OK {"value":{"sessionId":"80c53b99-6652-4fde-ae07-b5ee4943237a","capabilities":{"acceptInsecureCerts":true,"browserName":"firefox","browserVersion":"78.0.1","moz:accessibilityChecks":false,"moz:buildID":"20200630195452","moz:geckodriverVersion":"0.26.0","moz:headless":true,"moz:processID":9089,"moz:profile":"/tmp/rust_mozprofileLFoJva","moz:shutdownTimeout":60000,"moz:useNonSpecCompliantPointerOrigin":false,"moz:webdriverClick":true,"pageLoadStrategy":"normal","platformName":"linux","platformVersion":"4.15.0-109-generic","rotatable":false,"setWindowRect":true,"strictFileInteractability":false,"timeouts":{"implicit":0,"pageLoad":300000,"script":30000},"unhandledPromptBehavior":"dismiss and notify"}}}
1594146357381	webdriver::server	DEBUG	-> POST /session/80c53b99-6652-4fde-ae07-b5ee4943237a/url {"url": "https://steamcommunity.com/broadcast/watch/76561199041614050"}
1594146357381	Marionette	DEBUG	0 -> [0,2,"WebDriver:Navigate",{"url":"https://steamcommunity.com/broadcast/watch/76561199041614050"}]
1594146357392	Marionette	TRACE	[7] Received DOM event beforeunload for about:blank
1594146357643	Marionette	TRACE	Received observer notification marionette-startup-requested
1594146357644	Marionette	TRACE	Waiting until startup recorder finished recording startup scripts...
1594146357699	Marionette	TRACE	All scripts recorded.
1594146357699	Marionette	DEBUG	Setting recommended pref apz.content_response_timeout to 60000
1594146357700	Marionette	DEBUG	Setting recommended pref browser.contentblocking.introCount to 99
1594146357700	Marionette	DEBUG	Setting recommended pref browser.download.panel.shown to true
1594146357700	Marionette	DEBUG	Setting recommended pref browser.pagethumbnails.capturing_disabled to true
1594146357700	Marionette	DEBUG	Setting recommended pref browser.tabs.disableBackgroundZombification to false
1594146357700	Marionette	DEBUG	Setting recommended pref browser.tabs.remote.separatePrivilegedContentProcess to false
1594146357701	Marionette	DEBUG	Setting recommended pref browser.tabs.unloadOnLowMemory to false
1594146357701	Marionette	DEBUG	Setting recommended pref browser.tabs.warnOnCloseOtherTabs to false
1594146357701	Marionette	DEBUG	Setting recommended pref browser.urlbar.suggest.searches to false
1594146357704	Marionette	DEBUG	Setting recommended pref datareporting.policy.dataSubmissionPolicyAccepted to false
1594146357704	Marionette	DEBUG	Setting recommended pref dom.disable_beforeunload to true
1594146357704	Marionette	DEBUG	Setting recommended pref dom.file.createInChild to true
1594146357704	Marionette	DEBUG	Setting recommended pref dom.push.connection.enabled to false
1594146357704	Marionette	DEBUG	Setting recommended pref extensions.getAddons.cache.enabled to false
1594146357705	Marionette	DEBUG	Setting recommended pref extensions.getAddons.discovery.api_url to data:, 
1594146357705	Marionette	DEBUG	Setting recommended pref network.http.prompt-temp-redirect to false
1594146357705	Marionette	DEBUG	Setting recommended pref privacy.trackingprotection.enabled to false
1594146357705	Marionette	DEBUG	Setting recommended pref security.notification_enable_delay to 0
1594146357706	Marionette	DEBUG	Setting recommended pref signon.autofillForms to false
1594146357709	Marionette	DEBUG	Setting recommended pref toolkit.cosmeticAnimations.enabled to false
1594146357766	Marionette	INFO	Listening on port 34701
1594146357766	Marionette	DEBUG	Marionette is listening
1594146357863	Marionette	DEBUG	Accepted connection 0 from 127.0.0.1:52066
1594146357864	geckodriver::marionette	DEBUG	Connection to Marionette established on 127.0.0.1:34701.
1594146357864	Marionette	DEBUG	0 -> [0,1,"WebDriver:NewSession",{"acceptInsecureCerts":true,"browserName":"firefox"}]
1594146357865	Marionette	WARN	TLS certificate errors will be ignored for this session
1594146357890	Marionette	TRACE	[7] Frame script loaded
1594146357891	Marionette	TRACE	[7] Frame script registered
1594146357896	Marionette	DEBUG	0 <- [1,1,null,{"sessionId":"e8e1dd4c-8bc1-4ca8-ad5f-7a77c92bb682","capabilities":{"browserName":"firefox","browserVersion":"78.0. ... /rust_mozprofile3IXDPZ","moz:shutdownTimeout":60000,"moz:useNonSpecCompliantPointerOrigin":false,"moz:webdriverClick":true}}]
1594146357897	webdriver::server	DEBUG	<- 200 OK {"value":{"sessionId":"e8e1dd4c-8bc1-4ca8-ad5f-7a77c92bb682","capabilities":{"acceptInsecureCerts":true,"browserName":"firefox","browserVersion":"78.0.1","moz:accessibilityChecks":false,"moz:buildID":"20200630195452","moz:geckodriverVersion":"0.26.0","moz:headless":true,"moz:processID":9147,"moz:profile":"/tmp/rust_mozprofile3IXDPZ","moz:shutdownTimeout":60000,"moz:useNonSpecCompliantPointerOrigin":false,"moz:webdriverClick":true,"pageLoadStrategy":"normal","platformName":"linux","platformVersion":"4.15.0-109-generic","rotatable":false,"setWindowRect":true,"strictFileInteractability":false,"timeouts":{"implicit":0,"pageLoad":300000,"script":30000},"unhandledPromptBehavior":"dismiss and notify"}}}
1594146357898	webdriver::server	DEBUG	-> POST /session/e8e1dd4c-8bc1-4ca8-ad5f-7a77c92bb682/url {"url": "https://steamcommunity.com/broadcast/watch/76561199041614050"}
1594146357901	Marionette	DEBUG	0 -> [0,2,"WebDriver:Navigate",{"url":"https://steamcommunity.com/broadcast/watch/76561199041614050"}]
1594146357911	Marionette	TRACE	[7] Received DOM event beforeunload for about:blank
1594146357927	Marionette	TRACE	Received observer notification marionette-startup-requested
1594146357927	Marionette	TRACE	Waiting until startup recorder finished recording startup scripts...
1594146357936	Marionette	TRACE	All scripts recorded.
1594146357937	Marionette	DEBUG	Setting recommended pref apz.content_response_timeout to 60000
1594146357937	Marionette	DEBUG	Setting recommended pref browser.contentblocking.introCount to 99
1594146357937	Marionette	DEBUG	Setting recommended pref browser.download.panel.shown to true
1594146357937	Marionette	DEBUG	Setting recommended pref browser.pagethumbnails.capturing_disabled to true
1594146357938	Marionette	DEBUG	Setting recommended pref browser.tabs.disableBackgroundZombification to false
1594146357938	Marionette	DEBUG	Setting recommended pref browser.tabs.remote.separatePrivilegedContentProcess to false
1594146357938	Marionette	DEBUG	Setting recommended pref browser.tabs.unloadOnLowMemory to false
1594146357938	Marionette	DEBUG	Setting recommended pref browser.tabs.warnOnCloseOtherTabs to false
1594146357938	Marionette	DEBUG	Setting recommended pref browser.urlbar.suggest.searches to false
1594146357939	Marionette	DEBUG	Setting recommended pref datareporting.policy.dataSubmissionPolicyAccepted to false
1594146357939	Marionette	DEBUG	Setting recommended pref dom.disable_beforeunload to true
1594146357939	Marionette	DEBUG	Setting recommended pref dom.file.createInChild to true
1594146357940	Marionette	DEBUG	Setting recommended pref dom.push.connection.enabled to false
1594146357940	Marionette	DEBUG	Setting recommended pref extensions.getAddons.cache.enabled to false
1594146357940	Marionette	DEBUG	Setting recommended pref extensions.getAddons.discovery.api_url to data:, 
1594146357940	Marionette	DEBUG	Setting recommended pref network.http.prompt-temp-redirect to false
1594146357941	Marionette	DEBUG	Setting recommended pref privacy.trackingprotection.enabled to false
1594146357941	Marionette	DEBUG	Setting recommended pref security.notification_enable_delay to 0
1594146357941	Marionette	DEBUG	Setting recommended pref signon.autofillForms to false
1594146357942	Marionette	DEBUG	Setting recommended pref toolkit.cosmeticAnimations.enabled to false
1594146357983	Marionette	INFO	Listening on port 33629
1594146357983	Marionette	DEBUG	Marionette is listening
1594146358081	Marionette	DEBUG	Accepted connection 0 from 127.0.0.1:43280
1594146358081	geckodriver::marionette	DEBUG	Connection to Marionette established on 127.0.0.1:33629.
1594146358082	Marionette	DEBUG	0 -> [0,1,"WebDriver:NewSession",{"acceptInsecureCerts":true,"browserName":"firefox"}]
1594146358082	Marionette	WARN	TLS certificate errors will be ignored for this session
1594146358108	Marionette	TRACE	[7] Frame script loaded
1594146358110	Marionette	TRACE	[7] Frame script registered
1594146358116	Marionette	DEBUG	0 <- [1,1,null,{"sessionId":"6e9cdcae-5316-4372-a86f-80f0493859b2","capabilities":{"browserName":"firefox","browserVersion":"78.0. ... /rust_mozprofileKxcUKS","moz:shutdownTimeout":60000,"moz:useNonSpecCompliantPointerOrigin":false,"moz:webdriverClick":true}}]
1594146358122	webdriver::server	DEBUG	<- 200 OK {"value":{"sessionId":"6e9cdcae-5316-4372-a86f-80f0493859b2","capabilities":{"acceptInsecureCerts":true,"browserName":"firefox","browserVersion":"78.0.1","moz:accessibilityChecks":false,"moz:buildID":"20200630195452","moz:geckodriverVersion":"0.26.0","moz:headless":true,"moz:processID":9194,"moz:profile":"/tmp/rust_mozprofileKxcUKS","moz:shutdownTimeout":60000,"moz:useNonSpecCompliantPointerOrigin":false,"moz:webdriverClick":true,"pageLoadStrategy":"normal","platformName":"linux","platformVersion":"4.15.0-109-generic","rotatable":false,"setWindowRect":true,"strictFileInteractability":false,"timeouts":{"implicit":0,"pageLoad":300000,"script":30000},"unhandledPromptBehavior":"dismiss and notify"}}}
1594146358123	webdriver::server	DEBUG	-> POST /session/6e9cdcae-5316-4372-a86f-80f0493859b2/url {"url": "https://steamcommunity.com/broadcast/watch/76561199041614050"}
1594146358124	Marionette	DEBUG	0 -> [0,2,"WebDriver:Navigate",{"url":"https://steamcommunity.com/broadcast/watch/76561199041614050"}]
1594146358133	Marionette	TRACE	[7] Received DOM event beforeunload for about:blank
1594146363129	Marionette	TRACE	[7] Received DOM event pagehide for about:blank
1594146363622	Marionette	TRACE	[7] Received DOM event pagehide for about:blank
1594146363695	Marionette	TRACE	[7] Received DOM event pagehide for about:blank
1594146364566	Marionette	TRACE	[7] Received DOM event pagehide for about:blank
1594146366270	Marionette	TRACE	[7] Received DOM event pagehide for about:blank
1594146367645	Marionette	TRACE	[7] Received DOM event DOMContentLoaded for https://steamcommunity.com/broadcast/watch/76561199041614050
1594146368527	Marionette	TRACE	[7] Received DOM event DOMContentLoaded for https://steamcommunity.com/broadcast/watch/76561199041614050
1594146370590	Marionette	TRACE	[7] Received DOM event pageshow for https://steamcommunity.com/broadcast/watch/76561199041614050
1594146370591	Marionette	DEBUG	0 <- [1,2,null,{"value":null}]
1594146370593	webdriver::server	DEBUG	<- 200 OK {"value":null}
1594146370841	Marionette	TRACE	[7] Received DOM event DOMContentLoaded for https://steamcommunity.com/broadcast/watch/76561199041614050
1594146371579	Marionette	TRACE	[7] Received DOM event pageshow for https://steamcommunity.com/broadcast/watch/76561199041614050
1594146371583	Marionette	DEBUG	0 <- [1,2,null,{"value":null}]
1594146371588	webdriver::server	DEBUG	<- 200 OK {"value":null}
1594146385412	Marionette	TRACE	[7] Received DOM event DOMContentLoaded for https://steamcommunity.com/broadcast/watch/76561199041614050
1594146388978	Marionette	TRACE	[7] Received DOM event DOMContentLoaded for https://steamcommunity.com/broadcast/watch/76561199041614050
1594146390243	Marionette	TRACE	[7] Received DOM event pageshow for https://steamcommunity.com/broadcast/watch/76561199041614050
1594146392402	Marionette	DEBUG	0 <- [1,2,null,{"value":null}]
1594146392403	webdriver::server	DEBUG	<- 200 OK {"value":null}
1594146393295	Marionette	TRACE	[7] Received DOM event pageshow for https://steamcommunity.com/broadcast/watch/76561199041614050
1594146393297	Marionette	DEBUG	0 <- [1,2,null,{"value":null}]
1594146393297	webdriver::server	DEBUG	<- 200 OK {"value":null}
1594146411262	Marionette	TRACE	[7] Received DOM event pageshow for https://steamcommunity.com/broadcast/watch/76561199041614050
1594146411266	Marionette	DEBUG	0 <- [1,2,null,{"value":null}]
1594146411269	webdriver::server	DEBUG	<- 200 OK {"value":null}
1594146476974	Marionette	DEBUG	Closed connection 0
1594146476977	Marionette	DEBUG	Closed connection 0
1594146476983	Marionette	DEBUG	Closed connection 0
Exiting due to channel error.
[GFX1-]: Receive IPC close with reason=AbnormalShutdown
Exiting due to channel error.
Exiting due to channel error.
Exiting due to channel error.
Exiting due to channel error.
Exiting due to channel error.
[GFX1-]: Receive IPC close with reason=AbnormalShutdown
Exiting due to channel error.
Exiting due to channel error.
Exiting due to channel error.
Exiting due to channel error.
Exiting due to channel error.
Exiting due to channel error.
Exiting due to channel error.
Exiting due to channel error.
Exiting due to channel error.
1594176466598	mozrunner::runner	INFO	Running command: "/usr/bin/firefox" "-marionette" "-headless" "-foreground" "-no-remote" "-profile" "/tmp/rust_mozprofiles3hhja"
1594176466598	geckodriver::marionette	DEBUG	Waiting 60s to connect to browser on 127.0.0.1:40915
*** You are running in headless mode.
1594176467329	Marionette	TRACE	Marionette enabled
1594176467387	Marionette	TRACE	Received observer notification toplevel-window-ready
1594176470456	Marionette	TRACE	Received observer notification marionette-startup-requested
1594176470456	Marionette	TRACE	Waiting until startup recorder finished recording startup scripts...
1594176470471	Marionette	TRACE	All scripts recorded.
1594176470471	Marionette	DEBUG	Setting recommended pref apz.content_response_timeout to 60000
1594176470471	Marionette	DEBUG	Setting recommended pref browser.contentblocking.introCount to 99
1594176470472	Marionette	DEBUG	Setting recommended pref browser.download.panel.shown to true
1594176470472	Marionette	DEBUG	Setting recommended pref browser.pagethumbnails.capturing_disabled to true
1594176470472	Marionette	DEBUG	Setting recommended pref browser.tabs.disableBackgroundZombification to false
1594176470472	Marionette	DEBUG	Setting recommended pref browser.tabs.remote.separatePrivilegedContentProcess to false
1594176470472	Marionette	DEBUG	Setting recommended pref browser.tabs.unloadOnLowMemory to false
1594176470472	Marionette	DEBUG	Setting recommended pref browser.tabs.warnOnCloseOtherTabs to false
1594176470472	Marionette	DEBUG	Setting recommended pref browser.urlbar.suggest.searches to false
1594176470473	Marionette	DEBUG	Setting recommended pref datareporting.policy.dataSubmissionPolicyAccepted to false
1594176470473	Marionette	DEBUG	Setting recommended pref dom.disable_beforeunload to true
1594176470473	Marionette	DEBUG	Setting recommended pref dom.file.createInChild to true
1594176470473	Marionette	DEBUG	Setting recommended pref dom.push.connection.enabled to false
1594176470473	Marionette	DEBUG	Setting recommended pref extensions.getAddons.cache.enabled to false
1594176470473	Marionette	DEBUG	Setting recommended pref extensions.getAddons.discovery.api_url to data:, 
1594176470474	Marionette	DEBUG	Setting recommended pref network.http.prompt-temp-redirect to false
1594176470474	Marionette	DEBUG	Setting recommended pref privacy.trackingprotection.enabled to false
1594176470474	Marionette	DEBUG	Setting recommended pref security.notification_enable_delay to 0
1594176470474	Marionette	DEBUG	Setting recommended pref signon.autofillForms to false
1594176470474	Marionette	DEBUG	Setting recommended pref toolkit.cosmeticAnimations.enabled to false
1594176470539	Marionette	INFO	Listening on port 40915
1594176470539	Marionette	DEBUG	Marionette is listening
1594176470612	Marionette	DEBUG	Accepted connection 0 from 127.0.0.1:55240
1594176470613	geckodriver::marionette	DEBUG	Connection to Marionette established on 127.0.0.1:40915.
1594176470615	Marionette	DEBUG	0 -> [0,1,"WebDriver:NewSession",{"acceptInsecureCerts":true,"browserName":"firefox"}]
1594176470617	Marionette	WARN	TLS certificate errors will be ignored for this session
1594176470642	Marionette	TRACE	[7] Frame script loaded
1594176470642	Marionette	TRACE	[7] Frame script registered
1594176470653	Marionette	DEBUG	0 <- [1,1,null,{"sessionId":"878b3869-3976-4acd-ae7d-570a747384de","capabilities":{"browserName":"firefox","browserVersion":"78.0. ... /rust_mozprofiles3hhja","moz:shutdownTimeout":60000,"moz:useNonSpecCompliantPointerOrigin":false,"moz:webdriverClick":true}}]
1594176470656	webdriver::server	DEBUG	<- 200 OK {"value":{"sessionId":"878b3869-3976-4acd-ae7d-570a747384de","capabilities":{"acceptInsecureCerts":true,"browserName":"firefox","browserVersion":"78.0.1","moz:accessibilityChecks":false,"moz:buildID":"20200630195452","moz:geckodriverVersion":"0.26.0","moz:headless":true,"moz:processID":21652,"moz:profile":"/tmp/rust_mozprofiles3hhja","moz:shutdownTimeout":60000,"moz:useNonSpecCompliantPointerOrigin":false,"moz:webdriverClick":true,"pageLoadStrategy":"normal","platformName":"linux","platformVersion":"4.15.0-109-generic","rotatable":false,"setWindowRect":true,"strictFileInteractability":false,"timeouts":{"implicit":0,"pageLoad":300000,"script":30000},"unhandledPromptBehavior":"dismiss and notify"}}}
1594176470657	webdriver::server	DEBUG	-> POST /session/878b3869-3976-4acd-ae7d-570a747384de/url {"url": "https://steamcommunity.com/broadcast/watch/76561198334516884"}
1594176470658	Marionette	DEBUG	0 -> [0,2,"WebDriver:Navigate",{"url":"https://steamcommunity.com/broadcast/watch/76561198334516884"}]
1594176470671	Marionette	TRACE	[7] Received DOM event beforeunload for about:blank
1594176477839	Marionette	TRACE	[7] Received DOM event pagehide for about:blank
1594176500100	Marionette	TRACE	[7] Received DOM event DOMContentLoaded for https://steamcommunity.com/broadcast/watch/76561198334516884
1594176522044	Marionette	TRACE	[7] Received DOM event pageshow for https://steamcommunity.com/broadcast/watch/76561198334516884
1594176522046	Marionette	DEBUG	0 <- [1,2,null,{"value":null}]
1594176522048	webdriver::server	DEBUG	<- 200 OK {"value":null}
1594176525465	mozrunner::runner	INFO	Running command: "/usr/bin/firefox" "-marionette" "-headless" "-foreground" "-no-remote" "-profile" "/tmp/rust_mozprofileb0pSym"
1594176525465	geckodriver::marionette	DEBUG	Waiting 60s to connect to browser on 127.0.0.1:37567
*** You are running in headless mode.
1594176526002	Marionette	TRACE	Marionette enabled
1594176526044	Marionette	TRACE	Received observer notification toplevel-window-ready
1594176528334	Marionette	TRACE	Received observer notification marionette-startup-requested
1594176528335	Marionette	TRACE	Waiting until startup recorder finished recording startup scripts...
1594176528349	Marionette	TRACE	All scripts recorded.
1594176528349	Marionette	DEBUG	Setting recommended pref apz.content_response_timeout to 60000
1594176528350	Marionette	DEBUG	Setting recommended pref browser.contentblocking.introCount to 99
1594176528350	Marionette	DEBUG	Setting recommended pref browser.download.panel.shown to true
1594176528350	Marionette	DEBUG	Setting recommended pref browser.pagethumbnails.capturing_disabled to true
1594176528350	Marionette	DEBUG	Setting recommended pref browser.tabs.disableBackgroundZombification to false
1594176528350	Marionette	DEBUG	Setting recommended pref browser.tabs.remote.separatePrivilegedContentProcess to false
1594176528350	Marionette	DEBUG	Setting recommended pref browser.tabs.unloadOnLowMemory to false
1594176528350	Marionette	DEBUG	Setting recommended pref browser.tabs.warnOnCloseOtherTabs to false
1594176528351	Marionette	DEBUG	Setting recommended pref browser.urlbar.suggest.searches to false
1594176528351	Marionette	DEBUG	Setting recommended pref datareporting.policy.dataSubmissionPolicyAccepted to false
1594176528351	Marionette	DEBUG	Setting recommended pref dom.disable_beforeunload to true
1594176528351	Marionette	DEBUG	Setting recommended pref dom.file.createInChild to true
1594176528352	Marionette	DEBUG	Setting recommended pref dom.push.connection.enabled to false
1594176528352	Marionette	DEBUG	Setting recommended pref extensions.getAddons.cache.enabled to false
1594176528352	Marionette	DEBUG	Setting recommended pref extensions.getAddons.discovery.api_url to data:, 
1594176528352	Marionette	DEBUG	Setting recommended pref network.http.prompt-temp-redirect to false
1594176528352	Marionette	DEBUG	Setting recommended pref privacy.trackingprotection.enabled to false
1594176528352	Marionette	DEBUG	Setting recommended pref security.notification_enable_delay to 0
1594176528352	Marionette	DEBUG	Setting recommended pref signon.autofillForms to false
1594176528353	Marionette	DEBUG	Setting recommended pref toolkit.cosmeticAnimations.enabled to false
1594176528400	Marionette	INFO	Listening on port 37567
1594176528400	Marionette	DEBUG	Marionette is listening
1594176528470	Marionette	DEBUG	Accepted connection 0 from 127.0.0.1:47624
1594176528470	geckodriver::marionette	DEBUG	Connection to Marionette established on 127.0.0.1:37567.
1594176528471	Marionette	DEBUG	0 -> [0,1,"WebDriver:NewSession",{"acceptInsecureCerts":true,"browserName":"firefox"}]
1594176528471	Marionette	WARN	TLS certificate errors will be ignored for this session
1594176528489	Marionette	TRACE	[7] Frame script loaded
1594176528490	Marionette	TRACE	[7] Frame script registered
1594176528499	Marionette	DEBUG	0 <- [1,1,null,{"sessionId":"ef080560-1635-48c0-b33d-6b93f7647f1b","capabilities":{"browserName":"firefox","browserVersion":"78.0. ... /rust_mozprofileb0pSym","moz:shutdownTimeout":60000,"moz:useNonSpecCompliantPointerOrigin":false,"moz:webdriverClick":true}}]
1594176528502	webdriver::server	DEBUG	<- 200 OK {"value":{"sessionId":"ef080560-1635-48c0-b33d-6b93f7647f1b","capabilities":{"acceptInsecureCerts":true,"browserName":"firefox","browserVersion":"78.0.1","moz:accessibilityChecks":false,"moz:buildID":"20200630195452","moz:geckodriverVersion":"0.26.0","moz:headless":true,"moz:processID":21928,"moz:profile":"/tmp/rust_mozprofileb0pSym","moz:shutdownTimeout":60000,"moz:useNonSpecCompliantPointerOrigin":false,"moz:webdriverClick":true,"pageLoadStrategy":"normal","platformName":"linux","platformVersion":"4.15.0-109-generic","rotatable":false,"setWindowRect":true,"strictFileInteractability":false,"timeouts":{"implicit":0,"pageLoad":300000,"script":30000},"unhandledPromptBehavior":"dismiss and notify"}}}
1594176528503	webdriver::server	DEBUG	-> POST /session/ef080560-1635-48c0-b33d-6b93f7647f1b/url {"url": "https://steamcommunity.com/broadcast/watch/76561198334516884"}
1594176528504	Marionette	DEBUG	0 -> [0,2,"WebDriver:Navigate",{"url":"https://steamcommunity.com/broadcast/watch/76561198334516884"}]
1594176528513	Marionette	TRACE	[7] Received DOM event beforeunload for about:blank
1594176534568	Marionette	TRACE	[7] Received DOM event pagehide for about:blank
1594176539824	Marionette	TRACE	[7] Received DOM event DOMContentLoaded for https://steamcommunity.com/broadcast/watch/76561198334516884
1594176544959	Marionette	DEBUG	Closed connection 0
1594176544959	Marionette	TRACE	[7] Received DOM event pageshow for https://steamcommunity.com/broadcast/watch/76561198334516884
1594176544962	Marionette	DEBUG	Closed connection 0
JavaScript error: chrome://marionette/content/proxy.js, line 222: TypeError: this.browser.driver.dialogObserver is null
Exiting due to channel error.
Exiting due to channel error.
Exiting due to channel error.
Exiting due to channel error.
Exiting due to channel error.
Exiting due to channel error.
